<?xml version="1.0" encoding="UTF-8"?>
<testng-results ignored="0" total="5" passed="5" failed="0" skipped="0">
  <reporter-output>
  </reporter-output>
  <suite started-at="2025-08-18T20:40:31 IST" name="Default suite" finished-at="2025-08-18T20:40:40 IST" duration-ms="8480">
    <groups>
    </groups>
    <test started-at="2025-08-18T20:40:31 IST" name="Default test" finished-at="2025-08-18T20:40:40 IST" duration-ms="8480">
      <class name="tests.TestCase">
        <test-method is-config="true" signature="setup()[pri:0, instance:tests.TestCase@5b12b668]" started-at="2025-08-18T20:40:31 IST" name="setup" finished-at="2025-08-18T20:40:33 IST" duration-ms="2099" status="PASS">
          <reporter-output>
          </reporter-output>
        </test-method> <!-- setup -->
        <test-method signature="testLogin(java.lang.String,java.lang.String,java.lang.String)[pri:0, instance:tests.TestCase@5b12b668]" started-at="2025-08-18T20:40:33 IST" name="testLogin" data-provider="loginData" finished-at="2025-08-18T20:40:34 IST" duration-ms="213" status="PASS">
          <params>
            <param index="0">
              <value>
                <![CDATA[validUser@example.com]]>
              </value>
            </param>
            <param index="1">
              <value>
                <![CDATA[ValidPass123]]>
              </value>
            </param>
            <param index="2">
              <value>
                <![CDATA[success]]>
              </value>
            </param>
          </params>
          <reporter-output>
          </reporter-output>
        </test-method> <!-- testLogin -->
        <test-method is-config="true" signature="teardown()[pri:0, instance:tests.TestCase@5b12b668]" started-at="2025-08-18T20:40:34 IST" name="teardown" finished-at="2025-08-18T20:40:34 IST" duration-ms="128" status="PASS">
          <reporter-output>
          </reporter-output>
        </test-method> <!-- teardown -->
        <test-method is-config="true" signature="setup()[pri:0, instance:tests.TestCase@5b12b668]" started-at="2025-08-18T20:40:34 IST" name="setup" finished-at="2025-08-18T20:40:35 IST" duration-ms="1170" status="PASS">
          <reporter-output>
          </reporter-output>
        </test-method> <!-- setup -->
        <test-method signature="testLogin(java.lang.String,java.lang.String,java.lang.String)[pri:0, instance:tests.TestCase@5b12b668]" started-at="2025-08-18T20:40:35 IST" name="testLogin" data-provider="loginData" finished-at="2025-08-18T20:40:35 IST" duration-ms="210" status="PASS">
          <params>
            <param index="0">
              <value>
                <![CDATA[validUser@example.com]]>
              </value>
            </param>
            <param index="1">
              <value>
                <![CDATA[WrongPass]]>
              </value>
            </param>
            <param index="2">
              <value>
                <![CDATA[failure]]>
              </value>
            </param>
          </params>
          <reporter-output>
          </reporter-output>
        </test-method> <!-- testLogin -->
        <test-method is-config="true" signature="teardown()[pri:0, instance:tests.TestCase@5b12b668]" started-at="2025-08-18T20:40:35 IST" name="teardown" finished-at="2025-08-18T20:40:35 IST" duration-ms="151" status="PASS">
          <reporter-output>
          </reporter-output>
        </test-method> <!-- teardown -->
        <test-method is-config="true" signature="setup()[pri:0, instance:tests.TestCase@5b12b668]" started-at="2025-08-18T20:40:35 IST" name="setup" finished-at="2025-08-18T20:40:36 IST" duration-ms="1139" status="PASS">
          <reporter-output>
          </reporter-output>
        </test-method> <!-- setup -->
        <test-method signature="testLogin(java.lang.String,java.lang.String,java.lang.String)[pri:0, instance:tests.TestCase@5b12b668]" started-at="2025-08-18T20:40:36 IST" name="testLogin" data-provider="loginData" finished-at="2025-08-18T20:40:37 IST" duration-ms="192" status="PASS">
          <params>
            <param index="0">
              <value>
                <![CDATA[invalidEmail]]>
              </value>
            </param>
            <param index="1">
              <value>
                <![CDATA[SomePass]]>
              </value>
            </param>
            <param index="2">
              <value>
                <![CDATA[failure]]>
              </value>
            </param>
          </params>
          <reporter-output>
          </reporter-output>
        </test-method> <!-- testLogin -->
        <test-method is-config="true" signature="teardown()[pri:0, instance:tests.TestCase@5b12b668]" started-at="2025-08-18T20:40:37 IST" name="teardown" finished-at="2025-08-18T20:40:37 IST" duration-ms="109" status="PASS">
          <reporter-output>
          </reporter-output>
        </test-method> <!-- teardown -->
        <test-method is-config="true" signature="setup()[pri:0, instance:tests.TestCase@5b12b668]" started-at="2025-08-18T20:40:37 IST" name="setup" finished-at="2025-08-18T20:40:38 IST" duration-ms="1164" status="PASS">
          <reporter-output>
          </reporter-output>
        </test-method> <!-- setup -->
        <test-method signature="testLogin(java.lang.String,java.lang.String,java.lang.String)[pri:0, instance:tests.TestCase@5b12b668]" started-at="2025-08-18T20:40:38 IST" name="testLogin" data-provider="loginData" finished-at="2025-08-18T20:40:38 IST" duration-ms="229" status="PASS">
          <params>
            <param index="0">
              <value>
                <![CDATA[]]>
              </value>
            </param>
            <param index="1">
              <value>
                <![CDATA[ValidPass123]]>
              </value>
            </param>
            <param index="2">
              <value>
                <![CDATA[failure]]>
              </value>
            </param>
          </params>
          <reporter-output>
          </reporter-output>
        </test-method> <!-- testLogin -->
        <test-method is-config="true" signature="teardown()[pri:0, instance:tests.TestCase@5b12b668]" started-at="2025-08-18T20:40:38 IST" name="teardown" finished-at="2025-08-18T20:40:38 IST" duration-ms="121" status="PASS">
          <reporter-output>
          </reporter-output>
        </test-method> <!-- teardown -->
        <test-method is-config="true" signature="setup()[pri:0, instance:tests.TestCase@5b12b668]" started-at="2025-08-18T20:40:38 IST" name="setup" finished-at="2025-08-18T20:40:39 IST" duration-ms="1138" status="PASS">
          <reporter-output>
          </reporter-output>
        </test-method> <!-- setup -->
        <test-method signature="testLogin(java.lang.String,java.lang.String,java.lang.String)[pri:0, instance:tests.TestCase@5b12b668]" started-at="2025-08-18T20:40:39 IST" name="testLogin" data-provider="loginData" finished-at="2025-08-18T20:40:40 IST" duration-ms="221" status="PASS">
          <params>
            <param index="0">
              <value>
                <![CDATA[validUser@example.com]]>
              </value>
            </param>
            <param index="1">
              <value>
                <![CDATA[]]>
              </value>
            </param>
            <param index="2">
              <value>
                <![CDATA[failure]]>
              </value>
            </param>
          </params>
          <reporter-output>
          </reporter-output>
        </test-method> <!-- testLogin -->
        <test-method is-config="true" signature="teardown()[pri:0, instance:tests.TestCase@5b12b668]" started-at="2025-08-18T20:40:40 IST" name="teardown" finished-at="2025-08-18T20:40:40 IST" duration-ms="136" status="PASS">
          <reporter-output>
          </reporter-output>
        </test-method> <!-- teardown -->
      </class> <!-- tests.TestCase -->
    </test> <!-- Default test -->
  </suite> <!-- Default suite -->
</testng-results>
