<?xml version="1.0" encoding="UTF-8"?>
<!-- Generated by org.testng.reporters.JUnitXMLReporter -->
<testsuite ignored="0" hostname="LAPTOP-0VJ645C1" failures="1" tests="1" name="FirefoxTest" time="28.878" errors="0" timestamp="2025-08-18T22:14:20 IST">
  <testcase classname="CrossBrowserTest" name="testLogin" time="0.408">
    <failure type="org.openqa.selenium.WebDriverException" message="Reached error page: about:neterror?e=fileNotFound&amp;amp;u=file%3A///C%3A/Users/Srimathi/Desktop/assessment_3/Question1/login.html&amp;amp;c=UTF-8&amp;amp;d=Firefox%20can%E2%80%99t%20find%20the%20file%20at%20/C%3A/Users/Srimathi/Desktop/assessment_3/Question1/login.html.
Build info: version: &amp;apos;4.23.0&amp;apos;, revision: &amp;apos;4df0a231af&amp;apos;
System info: os.name: &amp;apos;Windows 11&amp;apos;, os.arch: &amp;apos;amd64&amp;apos;, os.version: &amp;apos;10.0&amp;apos;, java.version: &amp;apos;21.0.7&amp;apos;
Driver info: org.openqa.selenium.firefox.FirefoxDriver
Command: [e0e67c3d-b146-4c39-93c9-1744d2cbee2d, get {url=file:///C:\Users\Srimathi\Desktop\assessment_3\Question1\login.html}]
Capabilities {acceptInsecureCerts: true, browserName: firefox, browserVersion: 141.0.3, moz:accessibilityChecks: false, moz:buildID: 20250806102122, moz:geckodriverVersion: 0.36.0, moz:headless: false, moz:platformVersion: 10.0, moz:processID: 25380, moz:profile: C:\Users\Srimathi\AppData\L..., moz:shutdownTimeout: 60000, moz:webdriverClick: true, moz:windowless: false, pageLoadStrategy: normal, platformName: windows, proxy: Proxy(), setWindowRect: true, strictFileInteractability: false, timeouts: {implicit: 0, pageLoad: 300000, script: 30000}, unhandledPromptBehavior: dismiss and notify, userAgent: Mozilla/5.0 (Windows NT 10....}
Session ID: e0e67c3d-b146-4c39-93c9-1744d2cbee2d">
      <![CDATA[org.openqa.selenium.WebDriverException: Reached error page: about:neterror?e=fileNotFound&u=file%3A///C%3A/Users/Srimathi/Desktop/assessment_3/Question1/login.html&c=UTF-8&d=Firefox%20can%E2%80%99t%20find%20the%20file%20at%20/C%3A/Users/Srimathi/Desktop/assessment_3/Question1/login.html.
Build info: version: '4.23.0', revision: '4df0a231af'
System info: os.name: 'Windows 11', os.arch: 'amd64', os.version: '10.0', java.version: '21.0.7'
Driver info: org.openqa.selenium.firefox.FirefoxDriver
Command: [e0e67c3d-b146-4c39-93c9-1744d2cbee2d, get {url=file:///C:\Users\Srimathi\Desktop\assessment_3\Question1\login.html}]
Capabilities {acceptInsecureCerts: true, browserName: firefox, browserVersion: 141.0.3, moz:accessibilityChecks: false, moz:buildID: 20250806102122, moz:geckodriverVersion: 0.36.0, moz:headless: false, moz:platformVersion: 10.0, moz:processID: 25380, moz:profile: C:\Users\Srimathi\AppData\L..., moz:shutdownTimeout: 60000, moz:webdriverClick: true, moz:windowless: false, pageLoadStrategy: normal, platformName: windows, proxy: Proxy(), setWindowRect: true, strictFileInteractability: false, timeouts: {implicit: 0, pageLoad: 300000, script: 30000}, unhandledPromptBehavior: dismiss and notify, userAgent: Mozilla/5.0 (Windows NT 10....}
Session ID: e0e67c3d-b146-4c39-93c9-1744d2cbee2d
at org.openqa.selenium.remote.ErrorCodec.decode(ErrorCodec.java:167)
at org.openqa.selenium.remote.codec.w3c.W3CHttpResponseCodec.decode(W3CHttpResponseCodec.java:138)
at org.openqa.selenium.remote.codec.w3c.W3CHttpResponseCodec.decode(W3CHttpResponseCodec.java:50)
at org.openqa.selenium.remote.HttpCommandExecutor.execute(HttpCommandExecutor.java:190)
at org.openqa.selenium.remote.service.DriverCommandExecutor.invokeExecute(DriverCommandExecutor.java:216)
at org.openqa.selenium.remote.service.DriverCommandExecutor.execute(DriverCommandExecutor.java:174)
at org.openqa.selenium.remote.RemoteWebDriver.execute(RemoteWebDriver.java:527)
at org.openqa.selenium.remote.RemoteWebDriver.get(RemoteWebDriver.java:302)
at CrossBrowserTest.testLogin(CrossBrowserTest.java:26)
at java.base/java.util.ArrayList.forEach(ArrayList.java:1596)
at java.base/java.util.concurrent.FutureTask.run(FutureTask.java:317)
at java.base/java.util.concurrent.ThreadPoolExecutor.runWorker(ThreadPoolExecutor.java:1144)
at java.base/java.util.concurrent.ThreadPoolExecutor$Worker.run(ThreadPoolExecutor.java:642)
at java.base/java.lang.Thread.run(Thread.java:1583)
... Removed 18 stack frames]]>
    </failure>
  </testcase> <!-- testLogin -->
</testsuite> <!-- FirefoxTest -->
