<?xml version="1.0" encoding="UTF-8"?>
<!-- Generated by org.testng.reporters.JUnitXMLReporter -->
<testsuite ignored="0" hostname="LAPTOP-0VJ645C1" failures="0" tests="5" name="Default test" time="8.48" errors="0" timestamp="2025-08-18T20:40:40 IST">
  <testcase classname="tests.TestCase" name="testLogin" time="0.213"/>
  <testcase classname="tests.TestCase" name="testLogin" time="0.21"/>
  <testcase classname="tests.TestCase" name="testLogin" time="0.192"/>
  <testcase classname="tests.TestCase" name="testLogin" time="0.229"/>
  <testcase classname="tests.TestCase" name="testLogin" time="0.221"/>
</testsuite> <!-- Default test -->
