<?xml version="1.0" encoding="UTF-8"?>
<testng-results ignored="0" total="1" passed="1" failed="0" skipped="0">
  <reporter-output>
  </reporter-output>
  <suite started-at="2025-08-18T22:20:32 IST" name="Default suite" finished-at="2025-08-18T22:20:36 IST" duration-ms="3760">
    <groups>
    </groups>
    <test started-at="2025-08-18T22:20:32 IST" name="Default test" finished-at="2025-08-18T22:20:36 IST" duration-ms="3760">
      <class name="CrossBrowserTest">
        <test-method is-config="true" signature="setup(java.lang.String)[pri:0, instance:CrossBrowserTest@3c46e67a]" started-at="2025-08-18T22:20:32 IST" name="setup" finished-at="2025-08-18T22:20:35 IST" duration-ms="2694" status="PASS">
          <params>
            <param index="0">
              <value>
                <![CDATA[firefox]]>
              </value>
            </param>
          </params>
          <reporter-output>
          </reporter-output>
        </test-method> <!-- setup -->
        <test-method signature="testLogin()[pri:0, instance:CrossBrowserTest@3c46e67a]" started-at="2025-08-18T22:20:35 IST" name="testLogin" finished-at="2025-08-18T22:20:35 IST" duration-ms="414" status="PASS">
          <reporter-output>
          </reporter-output>
        </test-method> <!-- testLogin -->
        <test-method is-config="true" signature="tearDown()[pri:0, instance:CrossBrowserTest@3c46e67a]" started-at="2025-08-18T22:20:35 IST" name="tearDown" finished-at="2025-08-18T22:20:36 IST" duration-ms="618" status="PASS">
          <reporter-output>
          </reporter-output>
        </test-method> <!-- tearDown -->
      </class> <!-- CrossBrowserTest -->
    </test> <!-- Default test -->
  </suite> <!-- Default suite -->
</testng-results>
